Using pre-set license
Built from '2020.3/staging' branch; Version is '2020.3.11f1 (99c7afb366b3) revision 10078127'; Using compiler version '192528614'; Build Type 'Release'
OS: 'Windows 10 Pro; OS build 19042.1052; Version 2009; 64bit' Language: 'en' Physical Memory: 16303 MB
BatchMode: 1, IsHumanControllingUs: 0, StartBugReporterOnCrash: 0, Is64bit: 1, IsPro: 0

 COMMAND LINE ARGUMENTS:
C:\Program Files\Unity\Hub\Editor\2020.3.11f1\Editor\Unity.exe
-adb2
-batchMode
-noUpm
-name
AssetImportWorker0
-projectPath
D:/UNI/dt_and_git/cygsdk/home/ashaw/mikezurlough/Zurloughwwise/Zurlough
-logFile
Logs/AssetImportWorker0.log
-srvPort
56794
Successfully changed project path to: D:/UNI/dt_and_git/cygsdk/home/ashaw/mikezurlough/Zurloughwwise/Zurlough
D:/UNI/dt_and_git/cygsdk/home/ashaw/mikezurlough/Zurloughwwise/Zurlough
Using Asset Import Pipeline V2.
Refreshing native plugins compatible for Editor in 48.50 ms, found 4 plugins.
Preloading 0 native plugins for Editor in 0.00 ms.
Initialize engine version: 2020.3.11f1 (99c7afb366b3)
[Subsystems] Discovering subsystems at path C:/Program Files/Unity/Hub/Editor/2020.3.11f1/Editor/Data/Resources/UnitySubsystems
[Subsystems] Discovering subsystems at path D:/UNI/dt_and_git/cygsdk/home/ashaw/mikezurlough/Zurloughwwise/Zurlough/Assets
GfxDevice: creating device client; threaded=0
Direct3D:
    Version:  Direct3D 11.0 [level 11.1]
    Renderer: NVIDIA GeForce GTX 1660 (ID=0x2184)
    Vendor:   
    VRAM:     5991 MB
    Driver:   27.21.14.5751
Initialize mono
Mono path[0] = 'C:/Program Files/Unity/Hub/Editor/2020.3.11f1/Editor/Data/Managed'
Mono path[1] = 'C:/Program Files/Unity/Hub/Editor/2020.3.11f1/Editor/Data/MonoBleedingEdge/lib/mono/unityjit'
Mono config path = 'C:/Program Files/Unity/Hub/Editor/2020.3.11f1/Editor/Data/MonoBleedingEdge/etc'
Using monoOptions --debugger-agent=transport=dt_socket,embedding=1,server=y,suspend=n,address=127.0.0.1:56928
Begin MonoManager ReloadAssembly
Registering precompiled unity dll's ...
Register platform support module: C:/Program Files/Unity/Hub/Editor/2020.3.11f1/Editor/Data/PlaybackEngines/WindowsStandaloneSupport/UnityEditor.WindowsStandalone.Extensions.dll
Registered in 0.001660 seconds.
Native extension for WindowsStandalone target not found
Refreshing native plugins compatible for Editor in 32.84 ms, found 4 plugins.
Preloading 0 native plugins for Editor in 0.00 ms.
Mono: successfully reloaded assembly
- Completed reload, in  0.857 seconds
Platform modules already initialized, skipping
Registering precompiled user dll's ...
Registered in 0.007373 seconds.
Begin MonoManager ReloadAssembly
Native extension for WindowsStandalone target not found
Refreshing native plugins compatible for Editor in 0.66 ms, found 4 plugins.
Preloading 0 native plugins for Editor in 0.00 ms.
Refreshing native plugins compatible for Editor in 0.57 ms, found 4 plugins.
Mono: successfully reloaded assembly
- Completed reload, in  1.034 seconds
Platform modules already initialized, skipping
========================================================================
Worker process is ready to serve import requests
Launched and connected shader compiler UnityShaderCompiler.exe after 0.06 seconds
Refreshing native plugins compatible for Editor in 0.62 ms, found 4 plugins.
Preloading 0 native plugins for Editor in 0.00 ms.
Unloading 1730 Unused Serialized files (Serialized files now loaded: 0)
System memory in use before: 77.0 MB.
System memory in use after: 77.1 MB.

Unloading 78 unused Assets to reduce memory usage. Loaded Objects now: 2107.
Total: 1.860600 ms (FindLiveObjects: 0.137500 ms CreateObjectMapping: 0.053700 ms MarkObjects: 1.614900 ms  DeleteObjects: 0.053700 ms)

========================================================================
Received Import Request.
  path: ProjectSettings/TagManager.asset
  artifactKey: Guid(00000000000000003000000000000000) Importer(815301076,1909f56bfc062723c751e8b465ee728b)
Start importing ProjectSettings/TagManager.asset using Guid(00000000000000003000000000000000) Importer(815301076,1909f56bfc062723c751e8b465ee728b)  -> (artifact id: 'b7f1b015459ffd41237060f88e8ed8b1') in 0.026107 seconds
  Import took 0.028244 seconds .

========================================================================
Received Prepare
Registering precompiled user dll's ...
Registered in 0.008890 seconds.
Begin MonoManager ReloadAssembly
Native extension for WindowsStandalone target not found
Refreshing native plugins compatible for Editor in 0.68 ms, found 4 plugins.
Preloading 0 native plugins for Editor in 0.00 ms.
Refreshing native plugins compatible for Editor in 0.69 ms, found 4 plugins.
Mono: successfully reloaded assembly
- Completed reload, in  1.043 seconds
Platform modules already initialized, skipping
Refreshing native plugins compatible for Editor in 0.66 ms, found 4 plugins.
Preloading 0 native plugins for Editor in 0.00 ms.
Unloading 1724 Unused Serialized files (Serialized files now loaded: 0)
System memory in use before: 77.0 MB.
System memory in use after: 77.1 MB.

Unloading 74 unused Assets to reduce memory usage. Loaded Objects now: 2110.
Total: 1.800900 ms (FindLiveObjects: 0.134900 ms CreateObjectMapping: 0.055400 ms MarkObjects: 1.585200 ms  DeleteObjects: 0.024400 ms)

========================================================================
Received Import Request.
  Time since last request: 161.925830 seconds.
  path: Assets/Gizmos
  artifactKey: Guid(ffb159bbe218cd742b0f327da09f8cd0) Importer(815301076,1909f56bfc062723c751e8b465ee728b)
Start importing Assets/Gizmos using Guid(ffb159bbe218cd742b0f327da09f8cd0) Importer(815301076,1909f56bfc062723c751e8b465ee728b)  -> (artifact id: '4b7107d5e4aacf4ae782dd727f0f0e25') in 0.007898 seconds
  Import took 0.010297 seconds .

========================================================================
Received Import Request.
  Time since last request: 0.001008 seconds.
  path: Assets/Gizmos
  artifactKey: Guid(ffb159bbe218cd742b0f327da09f8cd0) Importer(815301076,1909f56bfc062723c751e8b465ee728b)
Start importing Assets/Gizmos using Guid(ffb159bbe218cd742b0f327da09f8cd0) Importer(815301076,1909f56bfc062723c751e8b465ee728b)  -> (artifact id: '4b7107d5e4aacf4ae782dd727f0f0e25') in 0.002250 seconds
  Import took 0.004816 seconds .

========================================================================
Received Import Request.
  Time since last request: 4.035635 seconds.
  path: Assets/Gizmos/NavMeshModifierVolume Icon.png
  artifactKey: Guid(cc7b9475dbddf4f9088d327d6e10ab77) Importer(815301076,1909f56bfc062723c751e8b465ee728b)
Start importing Assets/Gizmos/NavMeshModifierVolume Icon.png using Guid(cc7b9475dbddf4f9088d327d6e10ab77) Importer(815301076,1909f56bfc062723c751e8b465ee728b)  -> (artifact id: '347b54b3f68c8e76759224df35b24df0') in 0.055720 seconds
  Import took 0.057989 seconds .

========================================================================
Received Import Request.
  Time since last request: 0.554026 seconds.
  path: Assets/Gizmos/NavMeshSurface Icon.png
  artifactKey: Guid(e4f97225bcfb64760a1c81f460837f01) Importer(815301076,1909f56bfc062723c751e8b465ee728b)
Start importing Assets/Gizmos/NavMeshSurface Icon.png using Guid(e4f97225bcfb64760a1c81f460837f01) Importer(815301076,1909f56bfc062723c751e8b465ee728b)  -> (artifact id: '7c14479cf6d1ec0eac3bccb514f0c085') in 0.013458 seconds
  Import took 0.015710 seconds .

========================================================================
Received Import Request.
  Time since last request: 2.846626 seconds.
  path: Assets/Gizmos/NavMeshLink Icon.png
  artifactKey: Guid(92f4afa3e25264f5b964937ccea49ff2) Importer(815301076,1909f56bfc062723c751e8b465ee728b)
Start importing Assets/Gizmos/NavMeshLink Icon.png using Guid(92f4afa3e25264f5b964937ccea49ff2) Importer(815301076,1909f56bfc062723c751e8b465ee728b)  -> (artifact id: '01bba4daf461a673b729f4f4f4278a85') in 0.013456 seconds
  Import took 0.015878 seconds .

========================================================================
Received Import Request.
  Time since last request: 229.589251 seconds.
  path: Assets/Models
  artifactKey: Guid(fe569a6b075c47a46bf4e2ab5b37b3e7) Importer(815301076,1909f56bfc062723c751e8b465ee728b)
Start importing Assets/Models using Guid(fe569a6b075c47a46bf4e2ab5b37b3e7) Importer(815301076,1909f56bfc062723c751e8b465ee728b)  -> (artifact id: 'c447090ff19758b0036b0a9acc895693') in 0.005374 seconds
  Import took 0.007611 seconds .

========================================================================
Received Prepare
Registering precompiled user dll's ...
Registered in 0.007467 seconds.
Begin MonoManager ReloadAssembly
Native extension for WindowsStandalone target not found
Refreshing native plugins compatible for Editor in 0.69 ms, found 4 plugins.
Preloading 0 native plugins for Editor in 0.00 ms.
Refreshing native plugins compatible for Editor in 0.70 ms, found 4 plugins.
Mono: successfully reloaded assembly
- Completed reload, in  0.996 seconds
Platform modules already initialized, skipping
Refreshing native plugins compatible for Editor in 0.70 ms, found 4 plugins.
Preloading 0 native plugins for Editor in 0.00 ms.
Unloading 1724 Unused Serialized files (Serialized files now loaded: 0)
System memory in use before: 77.0 MB.
System memory in use after: 77.1 MB.

Unloading 73 unused Assets to reduce memory usage. Loaded Objects now: 2115.
Total: 1.923400 ms (FindLiveObjects: 0.191500 ms CreateObjectMapping: 0.073300 ms MarkObjects: 1.631600 ms  DeleteObjects: 0.025900 ms)

========================================================================
Received Prepare
Registering precompiled user dll's ...
Registered in 0.007156 seconds.
Begin MonoManager ReloadAssembly
Native extension for WindowsStandalone target not found
Refreshing native plugins compatible for Editor in 0.71 ms, found 4 plugins.
Preloading 0 native plugins for Editor in 0.00 ms.
Refreshing native plugins compatible for Editor in 0.68 ms, found 4 plugins.
Mono: successfully reloaded assembly
- Completed reload, in  0.957 seconds
Platform modules already initialized, skipping
Refreshing native plugins compatible for Editor in 0.67 ms, found 4 plugins.
Preloading 0 native plugins for Editor in 0.00 ms.
Unloading 1724 Unused Serialized files (Serialized files now loaded: 0)
System memory in use before: 77.0 MB.
System memory in use after: 77.1 MB.

Unloading 73 unused Assets to reduce memory usage. Loaded Objects now: 2118.
Total: 1.813300 ms (FindLiveObjects: 0.132500 ms CreateObjectMapping: 0.053700 ms MarkObjects: 1.603600 ms  DeleteObjects: 0.022900 ms)

========================================================================
Received Import Request.
  Time since last request: 149.160100 seconds.
  path: Assets/Scripts
  artifactKey: Guid(a10f6c925ef8b004293144d4f6137993) Importer(815301076,1909f56bfc062723c751e8b465ee728b)
Start importing Assets/Scripts using Guid(a10f6c925ef8b004293144d4f6137993) Importer(815301076,1909f56bfc062723c751e8b465ee728b)  -> (artifact id: '1c51cb1aa37c346708fdb821a046dce2') in 0.025355 seconds
  Import took 0.028203 seconds .

========================================================================
Received Prepare
Registering precompiled user dll's ...
Registered in 0.007412 seconds.
Begin MonoManager ReloadAssembly
Native extension for WindowsStandalone target not found
Refreshing native plugins compatible for Editor in 0.68 ms, found 4 plugins.
Preloading 0 native plugins for Editor in 0.00 ms.
Refreshing native plugins compatible for Editor in 0.68 ms, found 4 plugins.
Mono: successfully reloaded assembly
- Completed reload, in  0.992 seconds
Platform modules already initialized, skipping
Refreshing native plugins compatible for Editor in 0.67 ms, found 4 plugins.
Preloading 0 native plugins for Editor in 0.00 ms.
Unloading 1724 Unused Serialized files (Serialized files now loaded: 0)
System memory in use before: 77.1 MB.
System memory in use after: 77.2 MB.

Unloading 73 unused Assets to reduce memory usage. Loaded Objects now: 2121.
Total: 1.952500 ms (FindLiveObjects: 0.144700 ms CreateObjectMapping: 0.050400 ms MarkObjects: 1.728400 ms  DeleteObjects: 0.027800 ms)

========================================================================
Received Import Request.
  Time since last request: 100.345886 seconds.
  path: Assets/Scripts/NPCController.cs
  artifactKey: Guid(3580a8ecc5e542648863d25a9c96cb7f) Importer(815301076,1909f56bfc062723c751e8b465ee728b)
Start importing Assets/Scripts/NPCController.cs using Guid(3580a8ecc5e542648863d25a9c96cb7f) Importer(815301076,1909f56bfc062723c751e8b465ee728b)  -> (artifact id: 'd8ef2694d01c93f05531c750897751aa') in 0.009739 seconds
  Import took 0.012001 seconds .

========================================================================
Received Prepare
Registering precompiled user dll's ...
Registered in 0.007400 seconds.
Begin MonoManager ReloadAssembly
Native extension for WindowsStandalone target not found
Refreshing native plugins compatible for Editor in 0.73 ms, found 4 plugins.
Preloading 0 native plugins for Editor in 0.00 ms.
Refreshing native plugins compatible for Editor in 0.67 ms, found 4 plugins.
Mono: successfully reloaded assembly
- Completed reload, in  0.953 seconds
Platform modules already initialized, skipping
Refreshing native plugins compatible for Editor in 0.82 ms, found 4 plugins.
Preloading 0 native plugins for Editor in 0.00 ms.
Unloading 1724 Unused Serialized files (Serialized files now loaded: 0)
System memory in use before: 77.1 MB.
System memory in use after: 77.2 MB.

Unloading 73 unused Assets to reduce memory usage. Loaded Objects now: 2124.
Total: 1.830900 ms (FindLiveObjects: 0.129500 ms CreateObjectMapping: 0.051500 ms MarkObjects: 1.624100 ms  DeleteObjects: 0.025000 ms)

========================================================================
Received Import Request.
  Time since last request: 168.549296 seconds.
  path: Assets/Scripts/NPCController.cs
  artifactKey: Guid(3580a8ecc5e542648863d25a9c96cb7f) Importer(815301076,1909f56bfc062723c751e8b465ee728b)
Start importing Assets/Scripts/NPCController.cs using Guid(3580a8ecc5e542648863d25a9c96cb7f) Importer(815301076,1909f56bfc062723c751e8b465ee728b)  -> (artifact id: '89f02676761d419387ce9117041b2f90') in 0.005313 seconds
  Import took 0.007348 seconds .

========================================================================
Received Import Request.
  Time since last request: 1.055884 seconds.
  path: Assets/Scripts/NPCController.cs
  artifactKey: Guid(3580a8ecc5e542648863d25a9c96cb7f) Importer(815301076,1909f56bfc062723c751e8b465ee728b)
Start importing Assets/Scripts/NPCController.cs using Guid(3580a8ecc5e542648863d25a9c96cb7f) Importer(815301076,1909f56bfc062723c751e8b465ee728b)  -> (artifact id: '89f02676761d419387ce9117041b2f90') in 0.001742 seconds
  Import took 0.003899 seconds .

========================================================================
Received Prepare
Registering precompiled user dll's ...
Registered in 0.641382 seconds.
Begin MonoManager ReloadAssembly
Native extension for WindowsStandalone target not found
Refreshing native plugins compatible for Editor in 0.68 ms, found 4 plugins.
Preloading 0 native plugins for Editor in 0.00 ms.
Refreshing native plugins compatible for Editor in 0.68 ms, found 4 plugins.
Mono: successfully reloaded assembly
- Completed reload, in  6.180 seconds
Platform modules already initialized, skipping
Refreshing native plugins compatible for Editor in 0.69 ms, found 4 plugins.
Preloading 0 native plugins for Editor in 0.00 ms.
Unloading 1724 Unused Serialized files (Serialized files now loaded: 0)
System memory in use before: 77.1 MB.
System memory in use after: 77.2 MB.

Unloading 73 unused Assets to reduce memory usage. Loaded Objects now: 2127.
Total: 2.139800 ms (FindLiveObjects: 0.187500 ms CreateObjectMapping: 0.060200 ms MarkObjects: 1.856200 ms  DeleteObjects: 0.034800 ms)

========================================================================
Received Prepare
Registering precompiled user dll's ...
Registered in 0.007200 seconds.
Begin MonoManager ReloadAssembly
Native extension for WindowsStandalone target not found
Refreshing native plugins compatible for Editor in 0.68 ms, found 4 plugins.
Preloading 0 native plugins for Editor in 0.00 ms.
Refreshing native plugins compatible for Editor in 0.67 ms, found 4 plugins.
Mono: successfully reloaded assembly
- Completed reload, in  0.954 seconds
Platform modules already initialized, skipping
Refreshing native plugins compatible for Editor in 0.68 ms, found 4 plugins.
Preloading 0 native plugins for Editor in 0.00 ms.
Unloading 1724 Unused Serialized files (Serialized files now loaded: 0)
System memory in use before: 77.1 MB.
System memory in use after: 77.2 MB.

Unloading 73 unused Assets to reduce memory usage. Loaded Objects now: 2130.
Total: 1.801200 ms (FindLiveObjects: 0.128600 ms CreateObjectMapping: 0.052100 ms MarkObjects: 1.597400 ms  DeleteObjects: 0.022400 ms)

========================================================================
Received Prepare
Registering precompiled user dll's ...
Registered in 0.007478 seconds.
Begin MonoManager ReloadAssembly
Native extension for WindowsStandalone target not found
Refreshing native plugins compatible for Editor in 0.68 ms, found 4 plugins.
Preloading 0 native plugins for Editor in 0.00 ms.
Refreshing native plugins compatible for Editor in 0.70 ms, found 4 plugins.
Mono: successfully reloaded assembly
- Completed reload, in  0.987 seconds
Platform modules already initialized, skipping
Refreshing native plugins compatible for Editor in 0.67 ms, found 4 plugins.
Preloading 0 native plugins for Editor in 0.00 ms.
Unloading 1724 Unused Serialized files (Serialized files now loaded: 0)
System memory in use before: 77.1 MB.
System memory in use after: 77.2 MB.

Unloading 73 unused Assets to reduce memory usage. Loaded Objects now: 2133.
Total: 2.526200 ms (FindLiveObjects: 0.153000 ms CreateObjectMapping: 0.071800 ms MarkObjects: 2.257300 ms  DeleteObjects: 0.042500 ms)

========================================================================
Received Prepare
Registering precompiled user dll's ...
Registered in 0.007803 seconds.
Begin MonoManager ReloadAssembly
Native extension for WindowsStandalone target not found
Refreshing native plugins compatible for Editor in 0.67 ms, found 4 plugins.
Preloading 0 native plugins for Editor in 0.00 ms.
Refreshing native plugins compatible for Editor in 0.73 ms, found 4 plugins.
Mono: successfully reloaded assembly
- Completed reload, in  0.945 seconds
Platform modules already initialized, skipping
Refreshing native plugins compatible for Editor in 0.67 ms, found 4 plugins.
Preloading 0 native plugins for Editor in 0.00 ms.
Unloading 1724 Unused Serialized files (Serialized files now loaded: 0)
System memory in use before: 77.1 MB.
System memory in use after: 77.2 MB.

Unloading 73 unused Assets to reduce memory usage. Loaded Objects now: 2136.
Total: 1.906300 ms (FindLiveObjects: 0.128300 ms CreateObjectMapping: 0.051900 ms MarkObjects: 1.687000 ms  DeleteObjects: 0.038300 ms)

========================================================================
Received Prepare
Registering precompiled user dll's ...
Registered in 0.007119 seconds.
Begin MonoManager ReloadAssembly
Native extension for WindowsStandalone target not found
Refreshing native plugins compatible for Editor in 0.70 ms, found 4 plugins.
Preloading 0 native plugins for Editor in 0.00 ms.
Refreshing native plugins compatible for Editor in 0.68 ms, found 4 plugins.
Mono: successfully reloaded assembly
- Completed reload, in  0.984 seconds
Platform modules already initialized, skipping
Refreshing native plugins compatible for Editor in 0.67 ms, found 4 plugins.
Preloading 0 native plugins for Editor in 0.00 ms.
Unloading 1724 Unused Serialized files (Serialized files now loaded: 0)
System memory in use before: 77.1 MB.
System memory in use after: 77.2 MB.

Unloading 73 unused Assets to reduce memory usage. Loaded Objects now: 2139.
Total: 2.173200 ms (FindLiveObjects: 0.187900 ms CreateObjectMapping: 0.100200 ms MarkObjects: 1.854100 ms  DeleteObjects: 0.029900 ms)

========================================================================
Received Import Request.
  Time since last request: 4394.376762 seconds.
  path: Assets/Scripts/NewBehaviourScript.cs
  artifactKey: Guid(8fbbde635496d574194dbfe96849eebd) Importer(815301076,1909f56bfc062723c751e8b465ee728b)
Start importing Assets/Scripts/NewBehaviourScript.cs using Guid(8fbbde635496d574194dbfe96849eebd) Importer(815301076,1909f56bfc062723c751e8b465ee728b)  -> (artifact id: 'a71055de1e662fce08942eac0224b084') in 0.008791 seconds
  Import took 0.011283 seconds .

========================================================================
Received Import Request.
  Time since last request: 0.015708 seconds.
  path: Assets/Scripts/FollowPlayer.cs
  artifactKey: Guid(561aec4856fc3aa4998c7b4e97eeba20) Importer(815301076,1909f56bfc062723c751e8b465ee728b)
Start importing Assets/Scripts/FollowPlayer.cs using Guid(561aec4856fc3aa4998c7b4e97eeba20) Importer(815301076,1909f56bfc062723c751e8b465ee728b)  -> (artifact id: '8b7c07e88161f055a970b7c5a896dd22') in 0.005589 seconds
  Import took 0.017148 seconds .

========================================================================
Received Prepare
Registering precompiled user dll's ...
Registered in 0.007306 seconds.
Begin MonoManager ReloadAssembly
Native extension for WindowsStandalone target not found
Refreshing native plugins compatible for Editor in 0.71 ms, found 4 plugins.
Preloading 0 native plugins for Editor in 0.00 ms.
Refreshing native plugins compatible for Editor in 0.77 ms, found 4 plugins.
Mono: successfully reloaded assembly
- Completed reload, in  0.963 seconds
Platform modules already initialized, skipping
Refreshing native plugins compatible for Editor in 0.67 ms, found 4 plugins.
Preloading 0 native plugins for Editor in 0.00 ms.
Unloading 1724 Unused Serialized files (Serialized files now loaded: 0)
System memory in use before: 77.1 MB.
System memory in use after: 77.2 MB.

Unloading 73 unused Assets to reduce memory usage. Loaded Objects now: 2142.
Total: 1.801900 ms (FindLiveObjects: 0.128600 ms CreateObjectMapping: 0.052500 ms MarkObjects: 1.596100 ms  DeleteObjects: 0.023700 ms)

========================================================================
Received Import Request.
  Time since last request: 7.566782 seconds.
  path: Assets/Scripts/NPCController.cs
  artifactKey: Guid(3580a8ecc5e542648863d25a9c96cb7f) Importer(815301076,1909f56bfc062723c751e8b465ee728b)
Start importing Assets/Scripts/NPCController.cs using Guid(3580a8ecc5e542648863d25a9c96cb7f) Importer(815301076,1909f56bfc062723c751e8b465ee728b)  -> (artifact id: 'b9c2420aae3b83de1e21580e9ded480c') in 0.007494 seconds
  Import took 0.121968 seconds .

========================================================================
Received Prepare
Registering precompiled user dll's ...
Registered in 0.007880 seconds.
Begin MonoManager ReloadAssembly
Native extension for WindowsStandalone target not found
Refreshing native plugins compatible for Editor in 0.68 ms, found 4 plugins.
Preloading 0 native plugins for Editor in 0.00 ms.
Refreshing native plugins compatible for Editor in 0.69 ms, found 4 plugins.
Mono: successfully reloaded assembly
- Completed reload, in  0.974 seconds
Platform modules already initialized, skipping
Refreshing native plugins compatible for Editor in 0.69 ms, found 4 plugins.
Preloading 0 native plugins for Editor in 0.00 ms.
Unloading 1724 Unused Serialized files (Serialized files now loaded: 0)
System memory in use before: 77.1 MB.
System memory in use after: 77.2 MB.

Unloading 73 unused Assets to reduce memory usage. Loaded Objects now: 2145.
Total: 2.050000 ms (FindLiveObjects: 0.138100 ms CreateObjectMapping: 0.052200 ms MarkObjects: 1.826200 ms  DeleteObjects: 0.032500 ms)

========================================================================
Received Prepare
Registering precompiled user dll's ...
Registered in 0.009056 seconds.
Begin MonoManager ReloadAssembly
Native extension for WindowsStandalone target not found
Refreshing native plugins compatible for Editor in 0.67 ms, found 4 plugins.
Preloading 0 native plugins for Editor in 0.00 ms.
Refreshing native plugins compatible for Editor in 0.70 ms, found 4 plugins.
Mono: successfully reloaded assembly
- Completed reload, in  0.951 seconds
Platform modules already initialized, skipping
Refreshing native plugins compatible for Editor in 0.67 ms, found 4 plugins.
Preloading 0 native plugins for Editor in 0.00 ms.
Unloading 1724 Unused Serialized files (Serialized files now loaded: 0)
System memory in use before: 77.2 MB.
System memory in use after: 77.3 MB.

Unloading 73 unused Assets to reduce memory usage. Loaded Objects now: 2148.
Total: 1.897600 ms (FindLiveObjects: 0.144700 ms CreateObjectMapping: 0.048800 ms MarkObjects: 1.677500 ms  DeleteObjects: 0.025900 ms)

========================================================================
Received Import Request.
  Time since last request: 1731.650641 seconds.
  path: Assets/Shipping Container Environment
  artifactKey: Guid(0b36c8db164e68744ad3afd6dc907f07) Importer(815301076,1909f56bfc062723c751e8b465ee728b)
Start importing Assets/Shipping Container Environment using Guid(0b36c8db164e68744ad3afd6dc907f07) Importer(815301076,1909f56bfc062723c751e8b465ee728b)  -> (artifact id: 'f2fe2493e2ecf74d9eb00dca35d48e59') in 0.007480 seconds
  Import took 0.010182 seconds .

AssetImportWorkerClient::OnTransportError - code=2 error=End of file
