Using pre-set license
Built from '2020.3/staging' branch; Version is '2020.3.11f1 (99c7afb366b3) revision 10078127'; Using compiler version '192528614'; Build Type 'Release'
OS: 'Windows 10 Pro; OS build 19042.1052; Version 2009; 64bit' Language: 'en' Physical Memory: 16303 MB
BatchMode: 1, IsHumanControllingUs: 0, StartBugReporterOnCrash: 0, Is64bit: 1, IsPro: 0

 COMMAND LINE ARGUMENTS:
C:\Program Files\Unity\Hub\Editor\2020.3.11f1\Editor\Unity.exe
-adb2
-batchMode
-noUpm
-name
AssetImportWorker0
-projectPath
D:/UNI/dt_and_git/cygsdk/home/ashaw/Zurlough/Zurloughwwise/Zurlough
-logFile
Logs/AssetImportWorker0.log
-srvPort
52527
Successfully changed project path to: D:/UNI/dt_and_git/cygsdk/home/ashaw/Zurlough/Zurloughwwise/Zurlough
D:/UNI/dt_and_git/cygsdk/home/ashaw/Zurlough/Zurloughwwise/Zurlough
Using Asset Import Pipeline V2.
Refreshing native plugins compatible for Editor in 48.73 ms, found 4 plugins.
Preloading 0 native plugins for Editor in 0.00 ms.
Initialize engine version: 2020.3.11f1 (99c7afb366b3)
[Subsystems] Discovering subsystems at path C:/Program Files/Unity/Hub/Editor/2020.3.11f1/Editor/Data/Resources/UnitySubsystems
[Subsystems] Discovering subsystems at path D:/UNI/dt_and_git/cygsdk/home/ashaw/Zurlough/Zurloughwwise/Zurlough/Assets
GfxDevice: creating device client; threaded=0
Direct3D:
    Version:  Direct3D 11.0 [level 11.1]
    Renderer: NVIDIA GeForce GTX 1660 (ID=0x2184)
    Vendor:   
    VRAM:     5991 MB
    Driver:   27.21.14.5751
Initialize mono
Mono path[0] = 'C:/Program Files/Unity/Hub/Editor/2020.3.11f1/Editor/Data/Managed'
Mono path[1] = 'C:/Program Files/Unity/Hub/Editor/2020.3.11f1/Editor/Data/MonoBleedingEdge/lib/mono/unityjit'
Mono config path = 'C:/Program Files/Unity/Hub/Editor/2020.3.11f1/Editor/Data/MonoBleedingEdge/etc'
Using monoOptions --debugger-agent=transport=dt_socket,embedding=1,server=y,suspend=n,address=127.0.0.1:56224
Begin MonoManager ReloadAssembly
Registering precompiled unity dll's ...
Register platform support module: C:/Program Files/Unity/Hub/Editor/2020.3.11f1/Editor/Data/PlaybackEngines/WindowsStandaloneSupport/UnityEditor.WindowsStandalone.Extensions.dll
Registered in 0.001568 seconds.
Native extension for WindowsStandalone target not found
Refreshing native plugins compatible for Editor in 31.78 ms, found 4 plugins.
Preloading 0 native plugins for Editor in 0.00 ms.
Mono: successfully reloaded assembly
- Completed reload, in  0.858 seconds
Platform modules already initialized, skipping
Registering precompiled user dll's ...
Registered in 0.006654 seconds.
Begin MonoManager ReloadAssembly
Native extension for WindowsStandalone target not found
Refreshing native plugins compatible for Editor in 0.66 ms, found 4 plugins.
Preloading 0 native plugins for Editor in 0.00 ms.
Refreshing native plugins compatible for Editor in 0.64 ms, found 4 plugins.
Mono: successfully reloaded assembly
- Completed reload, in  1.050 seconds
Platform modules already initialized, skipping
========================================================================
Worker process is ready to serve import requests
Launched and connected shader compiler UnityShaderCompiler.exe after 0.06 seconds
Refreshing native plugins compatible for Editor in 0.84 ms, found 4 plugins.
Preloading 0 native plugins for Editor in 0.00 ms.
Unloading 1719 Unused Serialized files (Serialized files now loaded: 0)
System memory in use before: 76.6 MB.
System memory in use after: 76.7 MB.

Unloading 78 unused Assets to reduce memory usage. Loaded Objects now: 2096.
Total: 1.963100 ms (FindLiveObjects: 0.131000 ms CreateObjectMapping: 0.052300 ms MarkObjects: 1.716000 ms  DeleteObjects: 0.062800 ms)

========================================================================
Received Import Request.
  path: Assets/Standard Assets/Characters
  artifactKey: Guid(cc8ab824a299ba14e91872816b3067ea) Importer(815301076,1909f56bfc062723c751e8b465ee728b)
Start importing Assets/Standard Assets/Characters using Guid(cc8ab824a299ba14e91872816b3067ea) Importer(815301076,1909f56bfc062723c751e8b465ee728b)  -> (artifact id: '35b4c5e1e73e1487a7e6feac894ac31b') in 0.008094 seconds
  Import took 0.010258 seconds .

========================================================================
Received Import Request.
  Time since last request: 3.275522 seconds.
  path: Assets/Standard Assets/Characters/FirstPersonCharacter
  artifactKey: Guid(56672e3e32b1b7140b7badf3b44fb9c8) Importer(815301076,1909f56bfc062723c751e8b465ee728b)
Start importing Assets/Standard Assets/Characters/FirstPersonCharacter using Guid(56672e3e32b1b7140b7badf3b44fb9c8) Importer(815301076,1909f56bfc062723c751e8b465ee728b)  -> (artifact id: 'b8fcea242ff58cddbea47c4a617bb4c5') in 0.005729 seconds
  Import took 0.028640 seconds .

========================================================================
Received Import Request.
  Time since last request: 19.925216 seconds.
  path: Assets/Low Poly Free Vegetation Pack/Prefabs/Big Rock 1.prefab
  artifactKey: Guid(83145382902cecc4286a4f62b720fb37) Importer(815301076,1909f56bfc062723c751e8b465ee728b)
Start importing Assets/Low Poly Free Vegetation Pack/Prefabs/Big Rock 1.prefab using Guid(83145382902cecc4286a4f62b720fb37) Importer(815301076,1909f56bfc062723c751e8b465ee728b)  -> (artifact id: '0122d83183c0c0cffe4ebb8ef51ff32d') in 0.083572 seconds
  Import took 0.085870 seconds .

========================================================================
Received Import Request.
  Time since last request: 1.901214 seconds.
  path: Assets/Low Poly Free Vegetation Pack/Prefabs/Big Terrain 1.prefab
  artifactKey: Guid(021cac7915726eb4c849c3c16ebe90bb) Importer(815301076,1909f56bfc062723c751e8b465ee728b)
Start importing Assets/Low Poly Free Vegetation Pack/Prefabs/Big Terrain 1.prefab using Guid(021cac7915726eb4c849c3c16ebe90bb) Importer(815301076,1909f56bfc062723c751e8b465ee728b)  -> (artifact id: '68c38d8f1f291aed32b76f16caab8927') in 0.011057 seconds
  Import took 0.027144 seconds .

========================================================================
Received Import Request.
  Time since last request: 1.357624 seconds.
  path: Assets/Low Poly Free Vegetation Pack/Prefabs/Big Terrain 2.prefab
  artifactKey: Guid(f4c1cfcd374469748b29ecb93e8a8761) Importer(815301076,1909f56bfc062723c751e8b465ee728b)
Start importing Assets/Low Poly Free Vegetation Pack/Prefabs/Big Terrain 2.prefab using Guid(f4c1cfcd374469748b29ecb93e8a8761) Importer(815301076,1909f56bfc062723c751e8b465ee728b)  -> (artifact id: '485fe5a96296d7772b461560f992e24c') in 0.012899 seconds
  Import took 0.015504 seconds .

========================================================================
Received Import Request.
  Time since last request: 0.000671 seconds.
  path: Assets/Low Poly Free Vegetation Pack/Prefabs/Big Terrain 2.prefab
  artifactKey: Guid(f4c1cfcd374469748b29ecb93e8a8761) Importer(815301076,1909f56bfc062723c751e8b465ee728b)
Start importing Assets/Low Poly Free Vegetation Pack/Prefabs/Big Terrain 2.prefab using Guid(f4c1cfcd374469748b29ecb93e8a8761) Importer(815301076,1909f56bfc062723c751e8b465ee728b)  -> (artifact id: '485fe5a96296d7772b461560f992e24c') in 0.007900 seconds
  Import took 0.010347 seconds .

========================================================================
Received Import Request.
  Time since last request: 6.664891 seconds.
  path: Assets/Low Poly Free Vegetation Pack/Scenes
  artifactKey: Guid(31c88774902519344ba509dce367ff1a) Importer(815301076,1909f56bfc062723c751e8b465ee728b)
Start importing Assets/Low Poly Free Vegetation Pack/Scenes using Guid(31c88774902519344ba509dce367ff1a) Importer(815301076,1909f56bfc062723c751e8b465ee728b)  -> (artifact id: '051e7b7985825ccfe2d2ad57f2af4dd2') in 0.018641 seconds
  Import took 0.020894 seconds .

========================================================================
Received Import Request.
  Time since last request: 6.189513 seconds.
  path: Assets/Low Poly Free Vegetation Pack/Prefabs/Small Terrrain 4.prefab
  artifactKey: Guid(5e506b9ce8ec1274cac6a26f50ec2f32) Importer(815301076,1909f56bfc062723c751e8b465ee728b)
Start importing Assets/Low Poly Free Vegetation Pack/Prefabs/Small Terrrain 4.prefab using Guid(5e506b9ce8ec1274cac6a26f50ec2f32) Importer(815301076,1909f56bfc062723c751e8b465ee728b)  -> (artifact id: '6768bca76f722658821b19a5272c2b0e') in 0.010910 seconds
  Import took 0.013272 seconds .

========================================================================
Received Import Request.
  Time since last request: 3.355706 seconds.
  path: Assets/Low Poly Free Vegetation Pack/Prefabs/Big Terrain 5.prefab
  artifactKey: Guid(96e5bec91bac05948b08ef2214e0f074) Importer(815301076,1909f56bfc062723c751e8b465ee728b)
Start importing Assets/Low Poly Free Vegetation Pack/Prefabs/Big Terrain 5.prefab using Guid(96e5bec91bac05948b08ef2214e0f074) Importer(815301076,1909f56bfc062723c751e8b465ee728b)  -> (artifact id: '871e9b12cd444e37c4f9983aaed6881c') in 0.009994 seconds
  Import took 0.012318 seconds .

========================================================================
Received Import Request.
  Time since last request: 7.386100 seconds.
  path: Assets/Low Poly Free Vegetation Pack/Prefabs/Big Terrain 3.prefab
  artifactKey: Guid(4e37b4571247c824c999f8a0381993fd) Importer(815301076,1909f56bfc062723c751e8b465ee728b)
Start importing Assets/Low Poly Free Vegetation Pack/Prefabs/Big Terrain 3.prefab using Guid(4e37b4571247c824c999f8a0381993fd) Importer(815301076,1909f56bfc062723c751e8b465ee728b)  -> (artifact id: '73985d66368ee6787729d9f431f30802') in 0.011560 seconds
  Import took 0.013811 seconds .

========================================================================
Received Import Request.
  Time since last request: 5.193627 seconds.
  path: Assets/Low Poly Free Vegetation Pack/Prefabs/Big Terrain 4.prefab
  artifactKey: Guid(043a2d44b6187da49b1d72e5741b841b) Importer(815301076,1909f56bfc062723c751e8b465ee728b)
Start importing Assets/Low Poly Free Vegetation Pack/Prefabs/Big Terrain 4.prefab using Guid(043a2d44b6187da49b1d72e5741b841b) Importer(815301076,1909f56bfc062723c751e8b465ee728b)  -> (artifact id: '32bb431137b8468611b25aeda5358439') in 0.009981 seconds
  Import took 0.012329 seconds .

========================================================================
Received Import Request.
  Time since last request: 3.315022 seconds.
  path: Assets/Low Poly Free Vegetation Pack/Prefabs/Big Rock 5.prefab
  artifactKey: Guid(4462df8489303ba448bfd5971b82232f) Importer(815301076,1909f56bfc062723c751e8b465ee728b)
Start importing Assets/Low Poly Free Vegetation Pack/Prefabs/Big Rock 5.prefab using Guid(4462df8489303ba448bfd5971b82232f) Importer(815301076,1909f56bfc062723c751e8b465ee728b)  -> (artifact id: '8a7e908a37d14515587855559bf81381') in 0.008843 seconds
  Import took 0.011536 seconds .

========================================================================
Received Import Request.
  Time since last request: 89.609923 seconds.
  path: Assets/BodyGuards/Meshes/SkelMesh_Bodyguard_03.fbx
  artifactKey: Guid(6996385895b383749b266464bf872c69) Importer(815301076,1909f56bfc062723c751e8b465ee728b)
Start importing Assets/BodyGuards/Meshes/SkelMesh_Bodyguard_03.fbx using Guid(6996385895b383749b266464bf872c69) Importer(815301076,1909f56bfc062723c751e8b465ee728b)  -> (artifact id: '1cd1c1f0508ddbdd9bc55fae06366950') in 0.126615 seconds
  Import took 0.129354 seconds .

========================================================================
Received Import Request.
  Time since last request: 2.243027 seconds.
  path: Assets/BodyGuards/Meshes/SkelMesh_Bodyguard_02.fbx
  artifactKey: Guid(765e2fde8c84f094e99304c6198491ea) Importer(815301076,1909f56bfc062723c751e8b465ee728b)
Start importing Assets/BodyGuards/Meshes/SkelMesh_Bodyguard_02.fbx using Guid(765e2fde8c84f094e99304c6198491ea) Importer(815301076,1909f56bfc062723c751e8b465ee728b)  -> (artifact id: '0b451cf9f2d916bc8673cc14682c83ad') in 0.326533 seconds
  Import took 0.329322 seconds .

========================================================================
Received Prepare
Registering precompiled user dll's ...
Registered in 0.006545 seconds.
Begin MonoManager ReloadAssembly
Native extension for WindowsStandalone target not found
Refreshing native plugins compatible for Editor in 0.66 ms, found 4 plugins.
Preloading 0 native plugins for Editor in 0.00 ms.
Refreshing native plugins compatible for Editor in 0.67 ms, found 4 plugins.
Mono: successfully reloaded assembly
- Completed reload, in  0.974 seconds
Platform modules already initialized, skipping
Refreshing native plugins compatible for Editor in 0.68 ms, found 4 plugins.
Preloading 0 native plugins for Editor in 0.00 ms.
Unloading 1713 Unused Serialized files (Serialized files now loaded: 0)
System memory in use before: 93.5 MB.
System memory in use after: 93.6 MB.

Unloading 73 unused Assets to reduce memory usage. Loaded Objects now: 2110.
Total: 1.800400 ms (FindLiveObjects: 0.135500 ms CreateObjectMapping: 0.054100 ms MarkObjects: 1.583800 ms  DeleteObjects: 0.026300 ms)

========================================================================
Received Prepare
Registering precompiled user dll's ...
Registered in 0.006555 seconds.
Begin MonoManager ReloadAssembly
Native extension for WindowsStandalone target not found
Refreshing native plugins compatible for Editor in 0.67 ms, found 4 plugins.
Preloading 0 native plugins for Editor in 0.00 ms.
Refreshing native plugins compatible for Editor in 0.73 ms, found 4 plugins.
Mono: successfully reloaded assembly
- Completed reload, in  0.991 seconds
Platform modules already initialized, skipping
Refreshing native plugins compatible for Editor in 0.67 ms, found 4 plugins.
Preloading 0 native plugins for Editor in 0.00 ms.
Unloading 1713 Unused Serialized files (Serialized files now loaded: 0)
System memory in use before: 93.5 MB.
System memory in use after: 93.6 MB.

Unloading 73 unused Assets to reduce memory usage. Loaded Objects now: 2113.
Total: 1.883000 ms (FindLiveObjects: 0.140100 ms CreateObjectMapping: 0.054500 ms MarkObjects: 1.664400 ms  DeleteObjects: 0.023100 ms)

========================================================================
Received Prepare
Registering precompiled user dll's ...
Registered in 0.007187 seconds.
Begin MonoManager ReloadAssembly
Native extension for WindowsStandalone target not found
Refreshing native plugins compatible for Editor in 0.99 ms, found 4 plugins.
Preloading 0 native plugins for Editor in 0.00 ms.
Refreshing native plugins compatible for Editor in 0.74 ms, found 4 plugins.
Mono: successfully reloaded assembly
- Completed reload, in  1.080 seconds
Platform modules already initialized, skipping
Refreshing native plugins compatible for Editor in 0.71 ms, found 4 plugins.
Preloading 0 native plugins for Editor in 0.00 ms.
Unloading 1713 Unused Serialized files (Serialized files now loaded: 0)
System memory in use before: 93.5 MB.
System memory in use after: 93.6 MB.

Unloading 73 unused Assets to reduce memory usage. Loaded Objects now: 2116.
Total: 2.225700 ms (FindLiveObjects: 0.158400 ms CreateObjectMapping: 0.060100 ms MarkObjects: 1.977000 ms  DeleteObjects: 0.029100 ms)

AssetImportWorkerClient::OnTransportError - code=2 error=End of file
